<?xml version="1.0" encoding="UTF-8"?>
<testng-results skipped="0" failed="0" ignored="0" total="1" passed="1">
  <reporter-output>
  </reporter-output>
  <suite name="Suite" duration-ms="713385" started-at="2022-01-09T18:52:54Z" finished-at="2022-01-09T19:04:47Z">
    <groups>
    </groups>
    <test name="Test" duration-ms="713385" started-at="2022-01-09T18:52:54Z" finished-at="2022-01-09T19:04:47Z">
      <class name="com.fts.pages.Login">
        <test-method status="PASS" signature="loginApplication()[pri:0, instance:com.fts.pages.Login@2d928643]" name="loginApplication" duration-ms="713336" started-at="2022-01-09T18:52:54Z" finished-at="2022-01-09T19:04:47Z">
          <reporter-output>
          </reporter-output>
        </test-method> <!-- loginApplication -->
      </class> <!-- com.fts.pages.Login -->
    </test> <!-- Test -->
  </suite> <!-- Suite -->
</testng-results>
