<?xml version="1.0" encoding="UTF-8"?>
<testng-results ignored="0" total="1" passed="1" failed="0" skipped="0">
  <reporter-output>
  </reporter-output>
  <suite started-at="2022-01-29T11:44:52 EST" name="Suite" finished-at="2022-01-29T11:48:33 EST" duration-ms="220526">
    <groups>
    </groups>
    <test started-at="2022-01-29T11:44:52 EST" name="Test" finished-at="2022-01-29T11:48:33 EST" duration-ms="220526">
      <class name="com.fts.pages.Login">
        <test-method signature="loginApplication()[pri:0, instance:com.fts.pages.Login@4d465b11]" started-at="2022-01-29T11:44:52 EST" name="loginApplication" finished-at="2022-01-29T11:48:33 EST" duration-ms="220426" status="PASS">
          <reporter-output>
          </reporter-output>
        </test-method> <!-- loginApplication -->
      </class> <!-- com.fts.pages.Login -->
    </test> <!-- Test -->
  </suite> <!-- Suite -->
</testng-results>
